[INFO] [Config]: Looking for config in: "/home/sebastian/Archivos/Juegos/Retroarch/RetroArch-Linux-x86_64.AppImage.home/.config/retroarch/retroarch.cfg".
[INFO] RetroArch 1.19.1 (Git feb8dce)
[INFO] === Build =======================================
[INFO] CPU Model Name: Intel(R) Celeron(R) CPU  N3160  @ 1.60GHz
[INFO] Funcionalidades: MMX MMXEXT SSE SSE2 SSE3 SSSE3 SSE4 SSE42 AES 
[INFO] Version: 1.19.1
[INFO] Git: feb8dce
[INFO] Built: Oct  8 2024
[INFO] =================================================
[INFO] [Input]: Found input driver: "x".
[INFO] [Core]: Loading dynamic libretro core from: "../../Retroarch/RetroArch-Linux-x86_64.AppImage.home/.config/retroarch/cores/nestopia_libretro.so"
[INFO] [Overrides]: Redirigiendo archivo de guardado a "/home/sebastian/Archivos/Juegos/Retroarch/RetroArch-Linux-x86_64.AppImage.home/.config/retroarch/saves/Nestopia/galaga.srm".
[INFO] [Overrides]: Redirigiendo guardado rápido a "/home/sebastian/Archivos/Juegos/Retroarch/RetroArch-Linux-x86_64.AppImage.home/.config/retroarch/states/Nestopia/galaga.state".
[INFO] [Environ]: GET_CORE_OPTIONS_VERSION.
[INFO] [Environ]: GET_LANGUAGE: "3".
[INFO] [Environ]: RETRO_ENVIRONMENT_SET_CORE_OPTIONS_V2_INTL.
[INFO] [Environ]: SET_CONTROLLER_INFO.
[DEBUG]    Puerto 1:
[DEBUG]       "Auto" (1)
[DEBUG]       "Gamepad" (257)
[DEBUG]    Puerto 2:
[DEBUG]       "Auto" (1)
[DEBUG]       "Gamepad" (257)
[DEBUG]       "Arkanoid" (258)
[DEBUG]       "Zapper" (262)
[DEBUG]    Puerto 3:
[DEBUG]       "Auto" (1)
[DEBUG]       "Gamepad" (257)
[DEBUG]    Puerto 4:
[DEBUG]       "Auto" (1)
[DEBUG]       "Gamepad" (257)
[INFO] [Environ]: GET_LOG_INTERFACE.
[INFO] [Environ]: PERFORMANCE_LEVEL: 6.
[INFO] [Content]: Cargando contenido: "../../ROMs/galaga.nes".
[INFO] [Environ]: SET_INPUT_DESCRIPTORS:
[DEBUG]    Puerto 1:
[DEBUG]       "Cruceta arriba" => "D-Pad Up"
[DEBUG]       "Cruceta abajo" => "D-Pad Down"
[DEBUG]       "Cruceta izquierda" => "D-Pad Left"
[DEBUG]       "Cruceta derecha" => "D-Pad Right"
[DEBUG]       "Botón B (abajo)" => "B"
[DEBUG]       "Botón A (derecha)" => "A"
[DEBUG]       "Botón Y (izquierda)" => "Turbo B"
[DEBUG]       "Botón X (arriba)" => "Turbo A"
[DEBUG]       "Botón Select" => "Select"
[DEBUG]       "Botón Start" => "Start"
[DEBUG]       "Botón L (lateral)" => "(FDS) Disk Side Change"
[DEBUG]       "Botón R (lateral)" => "(FDS) Eject Disk"
[DEBUG]       "Botón L2 (gatillo)" => "(VSSystem) Coin 1"
[DEBUG]       "Botón R2 (gatillo)" => "(VSSystem) Coin 2"
[DEBUG]       "Botón L3 (pulsar analógico izq.)" => "(Famicom) Microphone"
[DEBUG]    Puerto 2:
[DEBUG]       "Cruceta arriba" => "D-Pad Up"
[DEBUG]       "Cruceta abajo" => "D-Pad Down"
[DEBUG]       "Cruceta izquierda" => "D-Pad Left"
[DEBUG]       "Cruceta derecha" => "D-Pad Right"
[DEBUG]       "Botón B (abajo)" => "B"
[DEBUG]       "Botón A (derecha)" => "A"
[DEBUG]       "Botón Y (izquierda)" => "Turbo B"
[DEBUG]       "Botón X (arriba)" => "Turbo A"
[DEBUG]       "Botón Select" => "Select"
[DEBUG]       "Botón Start" => "Start"
[DEBUG]       "Botón L (lateral)" => "(FDS) Disk Side Change"
[DEBUG]       "Botón R (lateral)" => "(FDS) Eject Disk"
[DEBUG]    Puerto 3:
[DEBUG]       "Cruceta arriba" => "D-Pad Up"
[DEBUG]       "Cruceta abajo" => "D-Pad Down"
[DEBUG]       "Cruceta izquierda" => "D-Pad Left"
[DEBUG]       "Cruceta derecha" => "D-Pad Right"
[DEBUG]       "Botón B (abajo)" => "B"
[DEBUG]       "Botón A (derecha)" => "A"
[DEBUG]       "Botón Y (izquierda)" => "Turbo B"
[DEBUG]       "Botón X (arriba)" => "Turbo A"
[DEBUG]       "Botón Select" => "Select"
[DEBUG]       "Botón Start" => "Start"
[DEBUG]       "Botón L (lateral)" => "(FDS) Disk Side Change"
[DEBUG]       "Botón R (lateral)" => "(FDS) Eject Disk"
[DEBUG]    Puerto 4:
[DEBUG]       "Cruceta arriba" => "D-Pad Up"
[DEBUG]       "Cruceta abajo" => "D-Pad Down"
[DEBUG]       "Cruceta izquierda" => "D-Pad Left"
[DEBUG]       "Cruceta derecha" => "D-Pad Right"
[DEBUG]       "Botón B (abajo)" => "B"
[DEBUG]       "Botón A (derecha)" => "A"
[DEBUG]       "Botón Y (izquierda)" => "Turbo B"
[DEBUG]       "Botón X (arriba)" => "Turbo A"
[DEBUG]       "Botón Select" => "Select"
[DEBUG]       "Botón Start" => "Start"
[DEBUG]       "Botón L (lateral)" => "(FDS) Disk Side Change"
[DEBUG]       "Botón R (lateral)" => "(FDS) Eject Disk"
[DEBUG]    Puerto 5:
[DEBUG]    Puerto 6:
[DEBUG]    Puerto 7:
[DEBUG]    Puerto 8:
[INFO] [Environ]: SYSTEM_DIRECTORY: "/home/sebastian/Archivos/Juegos/Retroarch/RetroArch-Linux-x86_64.AppImage.home/.config/retroarch/system".
[libretro INFO] Custom palette path: /home/sebastian/Archivos/Juegos/Retroarch/RetroArch-Linux-x86_64.AppImage.home/.config/retroarch/system/custom.pal
[libretro INFO] custom.pal not found in system directory.
[libretro INFO] NstDatabase.xml path: /home/sebastian/Archivos/Juegos/Retroarch/RetroArch-Linux-x86_64.AppImage.home/.config/retroarch/system/NstDatabase.xml
[libretro INFO] Using baked in XML database
[INFO] [Environ]: SET_PIXEL_FORMAT: XRGB8888.
[INFO] [Environ]: SAVE_DIRECTORY: "/home/sebastian/Archivos/Juegos/Retroarch/RetroArch-Linux-x86_64.AppImage.home/.config/retroarch/saves/Nestopia".
[DEBUG] [Environ]: GET_VARIABLE: nestopia_arkanoid_device = "mouse"
[DEBUG] [Environ]: GET_VARIABLE: nestopia_zapper_device = "lightgun"
[DEBUG] [Environ]: GET_VARIABLE: nestopia_show_crosshair = "enabled"
[DEBUG] [Environ]: GET_VARIABLE: nestopia_button_shift = "disabled"
[DEBUG] [Environ]: GET_VARIABLE: nestopia_favored_system = "auto"
[DEBUG] [Environ]: GET_VARIABLE: nestopia_genie_distortion = "disabled"
[DEBUG] [Environ]: GET_VARIABLE: nestopia_ram_power_state = "0x00"
[DEBUG] [Environ]: GET_VARIABLE: nestopia_nospritelimit = "disabled"
[DEBUG] [Environ]: GET_VARIABLE: nestopia_overclock = "1x"
[DEBUG] [Environ]: GET_VARIABLE: nestopia_fds_auto_insert = "enabled"
[DEBUG] [Environ]: GET_VARIABLE: nestopia_blargg_ntsc_filter = "disabled"
[DEBUG] [Environ]: GET_VARIABLE: nestopia_palette = "cxa2025as"
[DEBUG] [Environ]: GET_VARIABLE: nestopia_overscan_v_top = "8"
[DEBUG] [Environ]: GET_VARIABLE: nestopia_overscan_v_bottom = "8"
[DEBUG] [Environ]: GET_VARIABLE: nestopia_overscan_h_left = "0"
[DEBUG] [Environ]: GET_VARIABLE: nestopia_overscan_h_right = "0"
[DEBUG] [Environ]: GET_VARIABLE: nestopia_aspect = "auto"
[DEBUG] [Environ]: GET_VARIABLE: nestopia_select_adapter = "auto"
[DEBUG] [Environ]: GET_VARIABLE: nestopia_turbo_pulse = "2"
[INFO] [Environ]: SET_GEOMETRY: 256x224, Aspect: 1.306.
[DEBUG] [Environ]: GET_VARIABLE: nestopia_audio_vol_sq1 = "100"
[DEBUG] [Environ]: GET_VARIABLE: nestopia_audio_vol_sq2 = "100"
[DEBUG] [Environ]: GET_VARIABLE: nestopia_audio_vol_tri = "100"
[DEBUG] [Environ]: GET_VARIABLE: nestopia_audio_vol_noise = "100"
[DEBUG] [Environ]: GET_VARIABLE: nestopia_audio_vol_dpcm = "100"
[DEBUG] [Environ]: GET_VARIABLE: nestopia_audio_vol_fds = "100"
[DEBUG] [Environ]: GET_VARIABLE: nestopia_audio_vol_mmc5 = "100"
[DEBUG] [Environ]: GET_VARIABLE: nestopia_audio_vol_vrc6 = "100"
[DEBUG] [Environ]: GET_VARIABLE: nestopia_audio_vol_vrc7 = "100"
[DEBUG] [Environ]: GET_VARIABLE: nestopia_audio_vol_n163 = "100"
[DEBUG] [Environ]: GET_VARIABLE: nestopia_audio_vol_s5b = "100"
[DEBUG] [Environ]: GET_VARIABLE: nestopia_audio_type = "stereo"
[DEBUG] [Environ]: RETRO_ENVIRONMENT_SET_CORE_OPTIONS_DISPLAY.
[DEBUG] [Environ]: GET_VARIABLE: nestopia_show_advanced_av_settings = "disabled"
[DEBUG] [Environ]: RETRO_ENVIRONMENT_SET_CORE_OPTIONS_DISPLAY.
[DEBUG] [Environ]: RETRO_ENVIRONMENT_SET_CORE_OPTIONS_DISPLAY.
[DEBUG] [Environ]: RETRO_ENVIRONMENT_SET_CORE_OPTIONS_DISPLAY.
[DEBUG] [Environ]: RETRO_ENVIRONMENT_SET_CORE_OPTIONS_DISPLAY.
[DEBUG] [Environ]: RETRO_ENVIRONMENT_SET_CORE_OPTIONS_DISPLAY.
[DEBUG] [Environ]: RETRO_ENVIRONMENT_SET_CORE_OPTIONS_DISPLAY.
[DEBUG] [Environ]: RETRO_ENVIRONMENT_SET_CORE_OPTIONS_DISPLAY.
[DEBUG] [Environ]: RETRO_ENVIRONMENT_SET_CORE_OPTIONS_DISPLAY.
[DEBUG] [Environ]: RETRO_ENVIRONMENT_SET_CORE_OPTIONS_DISPLAY.
[DEBUG] [Environ]: RETRO_ENVIRONMENT_SET_CORE_OPTIONS_DISPLAY.
[DEBUG] [Environ]: RETRO_ENVIRONMENT_SET_CORE_OPTIONS_DISPLAY.
[DEBUG] [Environ]: GET_VARIABLE: nestopia_arkanoid_device = "mouse"
[DEBUG] [Environ]: GET_VARIABLE: nestopia_zapper_device = "lightgun"
[DEBUG] [Environ]: GET_VARIABLE: nestopia_show_crosshair = "enabled"
[DEBUG] [Environ]: GET_VARIABLE: nestopia_button_shift = "disabled"
[DEBUG] [Environ]: GET_VARIABLE: nestopia_favored_system = "auto"
[DEBUG] [Environ]: GET_VARIABLE: nestopia_genie_distortion = "disabled"
[DEBUG] [Environ]: GET_VARIABLE: nestopia_ram_power_state = "0x00"
[DEBUG] [Environ]: GET_VARIABLE: nestopia_nospritelimit = "disabled"
[DEBUG] [Environ]: GET_VARIABLE: nestopia_overclock = "1x"
[DEBUG] [Environ]: GET_VARIABLE: nestopia_fds_auto_insert = "enabled"
[DEBUG] [Environ]: GET_VARIABLE: nestopia_blargg_ntsc_filter = "disabled"
[DEBUG] [Environ]: GET_VARIABLE: nestopia_palette = "cxa2025as"
[DEBUG] [Environ]: GET_VARIABLE: nestopia_overscan_v_top = "8"
[DEBUG] [Environ]: GET_VARIABLE: nestopia_overscan_v_bottom = "8"
[DEBUG] [Environ]: GET_VARIABLE: nestopia_overscan_h_left = "0"
[DEBUG] [Environ]: GET_VARIABLE: nestopia_overscan_h_right = "0"
[DEBUG] [Environ]: GET_VARIABLE: nestopia_aspect = "auto"
[DEBUG] [Environ]: GET_VARIABLE: nestopia_select_adapter = "auto"
[DEBUG] [Environ]: GET_VARIABLE: nestopia_turbo_pulse = "2"
[INFO] [Environ]: SET_GEOMETRY.
[DEBUG] [Environ]: GET_VARIABLE: nestopia_audio_vol_sq1 = "100"
[DEBUG] [Environ]: GET_VARIABLE: nestopia_audio_vol_sq2 = "100"
[DEBUG] [Environ]: GET_VARIABLE: nestopia_audio_vol_tri = "100"
[DEBUG] [Environ]: GET_VARIABLE: nestopia_audio_vol_noise = "100"
[DEBUG] [Environ]: GET_VARIABLE: nestopia_audio_vol_dpcm = "100"
[DEBUG] [Environ]: GET_VARIABLE: nestopia_audio_vol_fds = "100"
[DEBUG] [Environ]: GET_VARIABLE: nestopia_audio_vol_mmc5 = "100"
[DEBUG] [Environ]: GET_VARIABLE: nestopia_audio_vol_vrc6 = "100"
[DEBUG] [Environ]: GET_VARIABLE: nestopia_audio_vol_vrc7 = "100"
[DEBUG] [Environ]: GET_VARIABLE: nestopia_audio_vol_n163 = "100"
[DEBUG] [Environ]: GET_VARIABLE: nestopia_audio_vol_s5b = "100"
[DEBUG] [Environ]: GET_VARIABLE: nestopia_audio_type = "stereo"
[DEBUG] [Environ]: RETRO_ENVIRONMENT_SET_CORE_OPTIONS_DISPLAY.
[DEBUG] [Environ]: GET_VARIABLE: nestopia_show_advanced_av_settings = "disabled"
[libretro INFO] [Nestopia]: Machine is NTSC.
[INFO] [RCHEEVOS]: Using host: https://retroachievements.org
[INFO] [RCHEEVOS]: Unofficial disabled
[INFO] [RCHEEVOS]: Encore mode disabled
[INFO] [RCHEEVOS]: Spectator mode disabled
[INFO] [RCHEEVOS]: Load started, hardcore active
[INFO] [RCHEEVOS]: Attempting to log in godshawk (with token)
[INFO] [RCHEEVOS]: Identifying game: 24592 bytes at 0x36b3ea0 (../../ROMs/galaga.nes)
[INFO] [RCHEEVOS]: Found 1 potential consoles for nes file extension
[INFO] [RCHEEVOS]: Trying console 7
[INFO] [RCHEEVOS]: Ignoring NES header
[INFO] [RCHEEVOS]: Hashing 24576 byte buffer
[INFO] [RCHEEVOS]: Generated hash c90d652840d02c8eca799b3799bad6f7
[INFO] [SRAM]: Omitiendo carga de SRAM.
[INFO] [Core]: Versión de la API libretro: 1, API usada en la compilación: 1
[INFO] [Core]: Geometry: 256x224, Aspect: 1.306, FPS: 60.00, Sample rate: 48000.00 Hz.
[INFO] [Video]: Set video size to: fullscreen.
[ERROR] [Wayland]: Failed to connect to Wayland server.
[INFO] [GLX]: GLX_EXT_swap_control_tear supported.
[INFO] [GL]: Found GL context: "x".
[INFO] [GL]: Detecting screen resolution: 1366x768.
[INFO] [XINERAMA]: Xinerama version: 1.1.
[INFO] [XINERAMA]: Xinerama screens: 1.
[INFO] [GLX]: Using Xinerama on screen #0.
[INFO] [GLX]: X = 0, Y = 0, W = 1366, H = 768.
[INFO] [GLX]: Using windowed fullscreen.
[INFO] [GLX]: Found swap function: glXSwapIntervalEXT.
[INFO] [GL]: Vendor: Intel, Renderer: Mesa Intel(R) HD Graphics 400 (BSW).
[INFO] [GL]: Version: 4.6 (Compatibility Profile) Mesa 23.2.1-1ubuntu3.1~22.04.2.
[INFO] [GL]: Using resolution 1366x768.
[INFO] [GL]: Default shader backend found: glsl.
[INFO] [Shader driver]: Using GLSL shader backend.
[INFO] [GLSL]: Checking GLSL shader support ...
[WARN] [GL]: Stock GLSL shaders will be used.
[INFO] [GLSL]: Found GLSL vertex shader.
[INFO] [GLSL]: Found GLSL fragment shader.
[INFO] [GLSL]: Linking GLSL program.
[INFO] [GLSL]: Found GLSL vertex shader.
[INFO] [GLSL]: Found GLSL fragment shader.
[INFO] [GLSL]: Linking GLSL program.
[INFO] [GLSL]: Found GLSL vertex shader.
[INFO] [GLSL]: Found GLSL fragment shader.
[INFO] [GLSL]: Linking GLSL program.
[INFO] [GL]: Using 4 textures.
[INFO] [GL]: Loaded 1 program(s).
[DEBUG] [udev]: Couldn't open any joypads. Are permissions set correctly for /dev/input/event* and /run/udev/?
[INFO] [Joypad]: Found joypad driver: "udev".
[INFO] [Video]: Found display server: "x11".
[INFO] [Audio]: Set audio input rate to: 48000.00 Hz.
[DEBUG] [PulseAudio]: Sink detected: alsa_output.pci-0000_00_1b.0.analog-stereo
[INFO] [PulseAudio]: Requested 24576 bytes buffer, got 18432.
[INFO] [Audio]: Started synchronous audio driver.
[INFO] [ALSA] Using ALSA version 1.2.6.1
[INFO] [Microphone]: Initialized microphone driver.
[INFO] [Display]: Found display driver: "gl".
[INFO] [Playlist]: Cargando historial: "/home/sebastian/Archivos/Juegos/Retroarch/RetroArch-Linux-x86_64.AppImage.home/.config/retroarch/content_history.lpl".
[INFO] [Playlist]: Cargando historial: "/home/sebastian/Archivos/Juegos/Retroarch/RetroArch-Linux-x86_64.AppImage.home/.config/retroarch/content_music_history.lpl".
[INFO] [Playlist]: Cargando historial: "/home/sebastian/Archivos/Juegos/Retroarch/RetroArch-Linux-x86_64.AppImage.home/.config/retroarch/content_image_history.lpl".
[INFO] [Playlist]: Cargando favoritos: "/home/sebastian/Archivos/Juegos/Retroarch/RetroArch-Linux-x86_64.AppImage.home/.config/retroarch/content_favorites.lpl".
[DEBUG] [Audio]: Started audio driver "pulse" (is_shutdown=false)
[INFO] [GLX]: Resized fullscreen resolution to 1366x768.
[INFO] [RCHEEVOS]: godshawk logged in successfully
[INFO] [RCHEEVOS]: Identified game: 1701 (c90d652840d02c8eca799b3799bad6f7)
[INFO] [RCHEEVOS]: Fetching data for game 1701
[INFO] [RCHEEVOS]: Starting session for game 1701
[INFO] [RCHEEVOS]: Registered 0x0800 bytes of SYSTEM RAM at $000000 (offset 0x000000)
[INFO] [RCHEEVOS]: Could not map region starting at $000800
[INFO] [RCHEEVOS]: Registered 0x0800 bytes of SYSTEM RAM at $000800 (null filler)
[INFO] [RCHEEVOS]: Could not map region starting at $001000
[INFO] [RCHEEVOS]: Registered 0x0800 bytes of SYSTEM RAM at $001000 (null filler)
[INFO] [RCHEEVOS]: Could not map region starting at $001800
[INFO] [RCHEEVOS]: Registered 0x0800 bytes of SYSTEM RAM at $001800 (null filler)
[INFO] [RCHEEVOS]: Could not map region starting at $002000
[INFO] [RCHEEVOS]: Registered 0x0008 bytes of SYSTEM RAM at $002000 (null filler)
[INFO] [RCHEEVOS]: Could not map region starting at $002008
[INFO] [RCHEEVOS]: Registered 0x1FF8 bytes of SYSTEM RAM at $002008 (null filler)
[INFO] [RCHEEVOS]: Could not map region starting at $004000
[INFO] [RCHEEVOS]: Registered 0x0018 bytes of SYSTEM RAM at $004000 (null filler)
[INFO] [RCHEEVOS]: Could not map region starting at $004018
[INFO] [RCHEEVOS]: Registered 0x0008 bytes of SYSTEM RAM at $004018 (null filler)
[INFO] [RCHEEVOS]: Could not map region starting at $004020
[INFO] [RCHEEVOS]: Registered 0x1FE0 bytes of SYSTEM RAM at $004020 (null filler)
[INFO] [RCHEEVOS]: Could not map region starting at $006000
[INFO] [RCHEEVOS]: Registered 0x2000 bytes of SRAM at $006000 (null filler)
[INFO] [RCHEEVOS]: Could not map region starting at $008000
[INFO] [RCHEEVOS]: Registered 0x8000 bytes of SYSTEM RAM at $008000 (null filler)
[INFO] [RCHEEVOS]: 22/22 memory addresses valid
[INFO] [RCHEEVOS]: Game 1701 loaded, hardcore enabled
[INFO] [RCHEEVOS]: Has desbloqueado 1 de 16 logros
[INFO] [RCHEEVOS]: Leaderboard 310 started: Hi-Score
[INFO] [RCHEEVOS]: Submitting 003670 (3670) for leaderboard 310: Hi-Score
[INFO] [Config]: Se ha guardado una nueva configuración en "/home/sebastian/Archivos/Juegos/Retroarch/RetroArch-Linux-x86_64.AppImage.home/.config/retroarch/retroarch.cfg".
[DEBUG] [Audio]: Started audio driver "pulse" (is_shutdown=true)
[INFO] [Core]: Content ran for a total of: 00 hours, 01 minutes, 16 seconds.
[INFO] [Runtime]: Saving runtime log file: "/home/sebastian/Archivos/Juegos/Retroarch/RetroArch-Linux-x86_64.AppImage.home/.config/retroarch/playlists/logs/Nestopia/galaga.lrtl".
[INFO] [RCHEEVOS]: Unloading game 1701
[INFO] [Core]: Unloading game..
[INFO] [PulseAudio]: Pausing.
[DEBUG] [Audio]: Stopped audio driver "pulse"
[INFO] [Core]: Unloading core..
[INFO] [Core]: Unloading core symbols..
[INFO] [Core]: Saved core options file to "/home/sebastian/Archivos/Juegos/Retroarch/RetroArch-Linux-x86_64.AppImage.home/.config/retroarch/config/Nestopia/Nestopia.opt".
[INFO] [XINERAMA]: Xinerama version: 1.1.
[INFO] [XINERAMA]: Xinerama screens: 1.
[INFO] [XINERAMA]: Saved monitor #0.
[DEBUG] [Video]: Average monitor Hz: 59.991601 Hz. (2.205 % frame time deviation, based on 2048 last samples).
